nohup: ignoring input
Link in file: info/1120/20924.htm
Link on website: info/1120/20924.htm
No Update This Time

RSS Generating
Link in file: info/1120/20924.htm
Link on website: info/1120/20924.htm
No Update This Time

RSS Generating
Link in file: info/1120/20924.htm
Link on website: info/1120/20924.htm
No Update This Time

RSS Generating
Link in file: info/1120/20924.htm
Link on website: info/1120/20924.htm
No Update This Time

RSS Generating
Link in file: info/1120/20924.htm
Link on website: info/1120/20924.htm
No Update This Time

RSS Generating
