nohup: ignoring input
Link in file: ../info/1194/8671.htm
Link on website: ../info/1194/8671.htm
No Update This Time

RSS Generating
Link in file: ../info/1194/8671.htm
Link on website: ../info/1194/8671.htm
No Update This Time

RSS Generating
Link in file: ../info/1194/8671.htm
Link on website: ../info/1194/8671.htm
No Update This Time

RSS Generating
Link in file: ../info/1194/8671.htm
Link on website: ../info/1194/8671.htm
No Update This Time

RSS Generating
Link in file: ../info/1194/8671.htm
Link on website: ../info/1194/8671.htm
No Update This Time

RSS Generating
Link in file: ../info/1194/8671.htm
Link on website: ../info/1194/8671.htm
No Update This Time

RSS Generating
Link in file: ../info/1194/8671.htm
Link on website: ../info/1194/8671.htm
No Update This Time

RSS Generating
Link in file: ../info/1194/8671.htm
Link on website: ../info/1194/8671.htm
No Update This Time

RSS Generating
Link in file: ../info/1194/8671.htm
Link on website: ../info/1194/8671.htm
No Update This Time

RSS Generating
Link in file: ../info/1194/8671.htm
Link on website: ../info/1194/8671.htm
No Update This Time

RSS Generating
